<?xml version="1.0" encoding="UTF-8"?>
<!-- Generated by org.testng.reporters.JUnitReportReporter -->
<testsuite hostname="LAPTOP-CV57RGP7" failures="0" tests="1" name="test.PageTest" time="4.582" errors="0" timestamp="2024-06-24T18:48:03 IST" skipped="0">
  <testcase classname="test.PageTest" name="testlogin" time="4.582"/>
</testsuite> <!-- test.PageTest -->
